<?xml version="1.0" encoding="UTF-8"?>
<testng-results skipped="0" failed="0" ignored="0" total="1" passed="1">
  <reporter-output>
  </reporter-output>
  <suite name="Suite" duration-ms="130" started-at="2021-05-07T14:06:13 IST" finished-at="2021-05-07T14:06:13 IST">
    <groups>
    </groups>
    <test name="Test" duration-ms="130" started-at="2021-05-07T14:06:13 IST" finished-at="2021-05-07T14:06:13 IST">
      <class name="Test.GitTest.AppTest">
        <test-method status="PASS" signature="testApp()[pri:0, instance:Test.GitTest.AppTest@3108bc]" name="testApp" duration-ms="21" started-at="2021-05-07T14:06:13 IST" finished-at="2021-05-07T14:06:13 IST">
          <reporter-output>
          </reporter-output>
        </test-method> <!-- testApp -->
      </class> <!-- Test.GitTest.AppTest -->
    </test> <!-- Test -->
  </suite> <!-- Suite -->
</testng-results>
